<?xml version="1.0" encoding="UTF-8" ?>
<testsuites>
 <testsuite name="Books" timestamp="2016-03-23T16:48:56" hostname="localhost" time="1.421" errors="0" tests="2" skipped="0" disabled="0" failures="2">
  <testcase classname="Books" name="should show all books" time="0.739">
   <failure type="toBe" message="Expected 3 to be 2."><![CDATA[Error: Failed expectation
    at Object.<anonymous> (/Users/robinboehm/development/e2e/bookmonkey-app-e2e/e2e/book.e2e.js:19:37)
    at /Users/robinboehm/.node/lib/node_modules/protractor/node_modules/jasminewd2/index.js:96:23
    at new Promise (/Users/robinboehm/.node/lib/node_modules/protractor/node_modules/selenium-webdriver/lib/promise.js:1043:7)
    at controlFlowExecute (/Users/robinboehm/.node/lib/node_modules/protractor/node_modules/jasminewd2/index.js:82:18)
    at TaskQueue.execute_ (/Users/robinboehm/.node/lib/node_modules/protractor/node_modules/selenium-webdriver/lib/promise.js:2790:14)
    at TaskQueue.executeNext_ (/Users/robinboehm/.node/lib/node_modules/protractor/node_modules/selenium-webdriver/lib/promise.js:2773:21)
    at /Users/robinboehm/.node/lib/node_modules/protractor/node_modules/selenium-webdriver/lib/promise.js:2697:25
    at /Users/robinboehm/.node/lib/node_modules/protractor/node_modules/selenium-webdriver/lib/promise.js:639:7
    at process._tickCallback (node.js:401:9)]]>
   </failure>
   <failure type="toEqual" message="Expected [  ] to equal [ &apos;A&apos;, &apos;B&apos; ]."><![CDATA[Error: Failed expectation
    at Object.<anonymous> (/Users/robinboehm/development/e2e/bookmonkey-app-e2e/e2e/book.e2e.js:20:42)
    at /Users/robinboehm/.node/lib/node_modules/protractor/node_modules/jasminewd2/index.js:96:23
    at new Promise (/Users/robinboehm/.node/lib/node_modules/protractor/node_modules/selenium-webdriver/lib/promise.js:1043:7)
    at controlFlowExecute (/Users/robinboehm/.node/lib/node_modules/protractor/node_modules/jasminewd2/index.js:82:18)
    at TaskQueue.execute_ (/Users/robinboehm/.node/lib/node_modules/protractor/node_modules/selenium-webdriver/lib/promise.js:2790:14)
    at TaskQueue.executeNext_ (/Users/robinboehm/.node/lib/node_modules/protractor/node_modules/selenium-webdriver/lib/promise.js:2773:21)
    at /Users/robinboehm/.node/lib/node_modules/protractor/node_modules/selenium-webdriver/lib/promise.js:2697:25
    at /Users/robinboehm/.node/lib/node_modules/protractor/node_modules/selenium-webdriver/lib/promise.js:639:7
    at process._tickCallback (node.js:401:9)]]>
   </failure>
  </testcase>
  <testcase classname="Books" name="should login with params" time="0.679" />
 </testsuite>
</testsuites>