<?xml version="1.0" encoding="UTF-8" ?>
<testsuites>
 <testsuite name="Books" timestamp="2016-08-15T12:57:18" hostname="localhost" time="0.735" errors="0" tests="1" skipped="0" disabled="0" failures="1">
  <testcase classname="Books" name="should show all books" time="0.732">
   <failure type="toEqual" message="Expected [ &apos;Design Patterns&apos;, &apos;REST und HTTP&apos;, &apos;Eloquent JavaScript&apos; ] to equal [ &apos;JavaScript fÃ¼r Enterprise-Entwickler&apos;, &apos;Node.js &amp; Co.&apos;, &apos;Testgetriebene Entwicklung mit JavaScript&apos; ]."><![CDATA[Error: Failed expectation
    at Object.<anonymous> (/Users/robinboehm/development/e2e/bookmonkey-app-e2e/e2e/book.e2e.js:22:8)
    at /Users/robinboehm/.node/lib/node_modules/protractor/node_modules/jasminewd2/index.js:96:23
    at new ManagedPromise (/Users/robinboehm/.node/lib/node_modules/protractor/node_modules/selenium-webdriver/lib/promise.js:1082:7)
    at controlFlowExecute (/Users/robinboehm/.node/lib/node_modules/protractor/node_modules/jasminewd2/index.js:82:18)
    at TaskQueue.execute_ (/Users/robinboehm/.node/lib/node_modules/protractor/node_modules/selenium-webdriver/lib/promise.js:2913:14)
    at TaskQueue.executeNext_ (/Users/robinboehm/.node/lib/node_modules/protractor/node_modules/selenium-webdriver/lib/promise.js:2896:21)
    at asyncRun (/Users/robinboehm/.node/lib/node_modules/protractor/node_modules/selenium-webdriver/lib/promise.js:2820:25)
    at /Users/robinboehm/.node/lib/node_modules/protractor/node_modules/selenium-webdriver/lib/promise.js:639:7
    at process._tickCallback (internal/process/next_tick.js:103:7)]]>
   </failure>
  </testcase>
 </testsuite>
 <testsuite name="hello page" timestamp="2016-08-15T12:57:19" hostname="localhost" time="0.797" errors="0" tests="2" skipped="0" disabled="0" failures="0">
  <testcase classname="hello page" name="should set the correct text to h1" time="0.462" />
  <testcase classname="hello page" name="should also work with model and bindings" time="0.334" />
 </testsuite>
 <testsuite name="Books" timestamp="2016-08-15T12:57:20" hostname="localhost" time="0.539" errors="0" tests="1" skipped="0" disabled="0" failures="1">
  <testcase classname="Books" name="should login with params" time="0.539">
   <failure type="toBe" message="Expected &apos;/login&apos; to be &apos;/dashboard&apos;."><![CDATA[Error: Failed expectation
    at Object.<anonymous> (/Users/robinboehm/development/e2e/bookmonkey-app-e2e/e2e/login.e2e.js:22:41)
    at /Users/robinboehm/.node/lib/node_modules/protractor/node_modules/jasminewd2/index.js:96:23
    at new ManagedPromise (/Users/robinboehm/.node/lib/node_modules/protractor/node_modules/selenium-webdriver/lib/promise.js:1082:7)
    at controlFlowExecute (/Users/robinboehm/.node/lib/node_modules/protractor/node_modules/jasminewd2/index.js:82:18)
    at TaskQueue.execute_ (/Users/robinboehm/.node/lib/node_modules/protractor/node_modules/selenium-webdriver/lib/promise.js:2913:14)
    at TaskQueue.executeNext_ (/Users/robinboehm/.node/lib/node_modules/protractor/node_modules/selenium-webdriver/lib/promise.js:2896:21)
    at asyncRun (/Users/robinboehm/.node/lib/node_modules/protractor/node_modules/selenium-webdriver/lib/promise.js:2820:25)
    at /Users/robinboehm/.node/lib/node_modules/protractor/node_modules/selenium-webdriver/lib/promise.js:639:7
    at process._tickCallback (internal/process/next_tick.js:103:7)]]>
   </failure>
  </testcase>
 </testsuite>
</testsuites>